c[?7l[2J[0mSeaBIOS (version 1.13.0-1ubuntu1.1)


iPXE (http://ipxe.org) 00:03.0 CA00 PCI2.10 PnP PMM+07F8CA10+07ECCA10 CA00
Press Ctrl-B to configure iPXE (PCI 00:03.0)...                                                                               


Booting from Hard Disk..(THU.CST) os is loading ...

Special kernel symbols:
  entry  0x00100000 (phys)
  etext  0x00103767 (phys)
  edata  0x00110a16 (phys)
  end    0x00111d20 (phys)
Kernel executable memory footprint: 72KB
ebp:0x00007b28 eip:0x00100ac3 callarg:0x00010094callarg:0x00010094callarg:0x00007b58callarg:0x0010009b
    kern/debug/kdebug.c:306: print_stackframe+25
ebp:0x00007b38 eip:0x00100dc5 callarg:0x00000000callarg:0x00000000callarg:0x00000000callarg:0x00007ba8
    kern/debug/kmonitor.c:125: mon_backtrace+14
ebp:0x00007b58 eip:0x0010009b callarg:0x00000000callarg:0x00007b80callarg:0xffff0000callarg:0x00007b84
    kern/init/init.c:48: grade_backtrace2+37
ebp:0x00007b78 eip:0x001000c9 callarg:0x00000000callarg:0xffff0000callarg:0x00007ba4callarg:0x00000029
    kern/init/init.c:53: grade_backtrace1+42
ebp:0x00007b98 eip:0x001000ec callarg:0x00000000callarg:0x00100000callarg:0xffff0000callarg:0x0000001d
    kern/init/init.c:58: grade_backtrace0+27
ebp:0x00007bb8 eip:0x00100116 callarg:0x0010379ccallarg:0x00103780callarg:0x0000130acallarg:0x00000000
    kern/init/init.c:63: grade_backtrace+38
ebp:0x00007be8 eip:0x00100055 callarg:0x00000000callarg:0x00000000callarg:0x00000000callarg:0x00007c4f
    kern/init/init.c:28: kern_init+84
ebp:0x00007bf8 eip:0x00007d74 callarg:0xc031fcfacallarg:0xc08ed88ecallarg:0x64e4d08ecallarg:0xfa7502a8
    <unknow>: -- 0x00007d73 --
++ setup timer interrupts
0: @ring 0
0:  cs = 8
0:  ds = 10
0:  es = 10
0:  ss = 10
+++ switch to  user  mode +++
1: @ring 3
1:  cs = 1b
1:  ds = 23
1:  es = 23
1:  ss = 23
+++ switch to kernel mode +++
2: @ring 0
2:  cs = 8
2:  ds = 10
2:  es = 10
2:  ss = 10
100 ticks
End of Test.
kernel panic at kern/trap/trap.c:18:
    EOT: kernel seems ok.
stack trackback:
ebp:0x00007ad0 eip:0x00100ac3 callarg:0x00103848callarg:0x00007b14callarg:0x00000012callarg:0x00000000
    kern/debug/kdebug.c:306: print_stackframe+25
ebp:0x00007b00 eip:0x0010046c callarg:0x00103b0ecallarg:0x00000012callarg:0x00103af8callarg:0x00007b2c
    kern/debug/panic.c:27: __panic+107
ebp:0x00007b20 eip:0x00101946 callarg:0x00007b4ccallarg:0x0000000ccallarg:0x00010094callarg:0x00010094
    kern/trap/trap.c:0: print_ticks+69
ebp:0x00007b50 eip:0x00101e20 callarg:0x00007b7ccallarg:0x0000000ccallarg:0x00103807callarg:0x00000000
    kern/trap/trap.c:163: trap_dispatch+163
ebp:0x00007b70 eip:0x00102027 callarg:0x00007b7ccallarg:0x00000000callarg:0x00010094callarg:0x00007be8
    kern/trap/trap.c:232: trap+20
ebp:0x00007be8 eip:0x00102ab2 callarg:0x00000000callarg:0x00000000callarg:0x00000000callarg:0x00007c4f
    kern/trap/trapentry.S:24: <unknown>+0
ebp:0x00007bf8 eip:0x00007d74 callarg:0xc031fcfacallarg:0xc08ed88ecallarg:0x64e4d08ecallarg:0xfa7502a8
    <unknow>: -- 0x00007d73 --
Welcome to the kernel debug monitor!!
Type 'help' for a list of commands.
K> 